<?xml version="1.0" encoding="UTF-8"?>
<!-- Generated by org.testng.reporters.JUnitReportReporter -->
<testsuite hostname="DESKTOP-QUG0UKC" failures="0" tests="2" name="TestNG_Tutorial.DataProviderEx" time="0.027" errors="0" timestamp="2024-08-28T12:17:49 IST" skipped="0">
  <testcase classname="TestNG_Tutorial.DataProviderEx" name="myTest" time="0.025"/>
  <system-out/>
  <testcase classname="TestNG_Tutorial.DataProviderEx" name="myTest" time="0.002"/>
  <system-out/>
</testsuite> <!-- TestNG_Tutorial.DataProviderEx -->
