<?xml version="1.0" encoding="UTF-8"?>
<!-- Generated by org.testng.reporters.JUnitReportReporter -->
<testsuite hostname="DESKTOP-QUG0UKC" failures="0" tests="3" name="TestNG_Tutorial.MultipleDependentEx" time="0.038" errors="0" timestamp="2024-04-27T11:44:57 IST" skipped="0">
  <testcase classname="TestNG_Tutorial.MultipleDependentEx" name="logOut" time="0.003"/>
  <system-out/>
  <testcase classname="TestNG_Tutorial.MultipleDependentEx" name="OpenBrowser" time="0.029"/>
  <system-out/>
  <testcase classname="TestNG_Tutorial.MultipleDependentEx" name="SignIn" time="0.006"/>
  <system-out/>
</testsuite> <!-- TestNG_Tutorial.MultipleDependentEx -->
