<?xml version="1.0" encoding="UTF-8"?>
<!-- Generated by org.testng.reporters.JUnitReportReporter -->
<testsuite hostname="DESKTOP-QUG0UKC" failures="0" tests="2" name="TestNG_Tutorial.DependsOnMethods" time="0.028" errors="0" timestamp="2024-04-27T11:35:41 IST" skipped="0">
  <testcase classname="TestNG_Tutorial.DependsOnMethods" name="SignIn" time="0.007"/>
  <system-out/>
  <testcase classname="TestNG_Tutorial.DependsOnMethods" name="openBrowser" time="0.021"/>
  <system-out/>
</testsuite> <!-- TestNG_Tutorial.DependsOnMethods -->
