<?xml version="1.0" encoding="UTF-8"?>
<!-- Generated by org.testng.reporters.JUnitReportReporter -->
<testsuite hostname="DESKTOP-QUG0UKC" failures="0" tests="2" name="TestNG_Tutorial.DependsOnGroupsEx" time="0.033" errors="0" timestamp="2024-07-17T21:08:30 IST" skipped="0">
  <testcase classname="TestNG_Tutorial.DependsOnGroupsEx" name="ViewAcc" time="0.003"/>
  <system-out/>
  <testcase classname="TestNG_Tutorial.DependsOnGroupsEx" name="Login" time="0.030"/>
  <system-out/>
</testsuite> <!-- TestNG_Tutorial.DependsOnGroupsEx -->
