<?xml version="1.0" encoding="UTF-8"?>
<!-- Generated by org.testng.reporters.JUnitReportReporter -->
<testsuite hostname="DESKTOP-QUG0UKC" failures="0" tests="1" name="TestNG_Tutorial.Parameterizing" time="0.038" errors="0" timestamp="2024-08-17T18:38:48 IST" skipped="0">
  <testcase classname="TestNG_Tutorial.Parameterizing" name="sum" time="0.038"/>
  <system-out/>
</testsuite> <!-- TestNG_Tutorial.Parameterizing -->
