<?xml version="1.0" encoding="UTF-8"?>
<!-- Generated by org.testng.reporters.JUnitReportReporter -->
<testsuite hostname="DESKTOP-QUG0UKC" failures="0" tests="1" name="TestNG_Tutorial.First" time="21.324" errors="0" timestamp="2024-04-13T12:32:21 IST" skipped="0">
  <testcase classname="TestNG_Tutorial.First" name="f" time="21.324"/>
  <system-out/>
</testsuite> <!-- TestNG_Tutorial.First -->
