<?xml version="1.0" encoding="UTF-8"?>
<!-- Generated by org.testng.reporters.JUnitReportReporter -->
<testsuite hostname="DESKTOP-QUG0UKC" failures="0" tests="2" name="TestNG_Tutorial.Assertions" time="1.928" errors="0" timestamp="2024-08-17T12:23:25 IST" skipped="0">
  <testcase classname="TestNG_Tutorial.Assertions" name="OpenBrowser" time="1.602"/>
  <system-out/>
  <testcase classname="TestNG_Tutorial.Assertions" name="CloseBrowser" time="0.326"/>
  <system-out/>
</testsuite> <!-- TestNG_Tutorial.Assertions -->
