<?xml version="1.0" encoding="UTF-8"?>
<!-- Generated by org.testng.reporters.JUnitReportReporter -->
<testsuite hostname="DESKTOP-QUG0UKC" failures="0" tests="2" name="TestNG_Tutorial.Prioritizing" time="3.816" errors="0" timestamp="2024-08-17T12:36:03 IST" skipped="0">
  <testcase classname="TestNG_Tutorial.Prioritizing" name="openBrwser" time="3.058"/>
  <system-out/>
  <testcase classname="TestNG_Tutorial.Prioritizing" name="closeBrowser" time="0.758"/>
  <system-out/>
</testsuite> <!-- TestNG_Tutorial.Prioritizing -->
