<?xml version="1.0" encoding="UTF-8"?>
<!-- Generated by org.testng.reporters.JUnitReportReporter -->
<testsuite hostname="DESKTOP-QUG0UKC" failures="0" tests="1" name="TestNG_Tutorial.Annotations" time="0.026" errors="0" timestamp="2024-04-13T15:27:39 IST" skipped="0">
  <testcase classname="TestNG_Tutorial.Annotations" name="testcase1" time="0.026"/>
  <system-out/>
</testsuite> <!-- TestNG_Tutorial.Annotations -->
